# JRE version: Java(TM) SE Runtime Environment (8.0_241-b07) (build 1.8.0_241-b07)
# Java VM: Java HotSpot(TM) 64-Bit Server VM (25.241-b07 mixed mode windows-amd64 compressed oops)
Heap:
 PSYoungGen      total 316416K, used 193723K [0x00000000e0980000, 0x00000000f9600000, 0x0000000100000000)
  eden space 305664K, 60% used [0x00000000e0980000,0x00000000ebe12370,0x00000000f3400000)
  from space 10752K, 82% used [0x00000000f3400000,0x00000000f3c9caf0,0x00000000f3e80000)
  to   space 11776K, 0% used [0x00000000f8a80000,0x00000000f8a80000,0x00000000f9600000)
 ParOldGen       total 57344K, used 20252K [0x00000000a1c00000, 0x00000000a5400000, 0x00000000e0980000)
  object space 57344K, 35% used [0x00000000a1c00000,0x00000000a2fc7130,0x00000000a5400000)
 Metaspace       used 50232K, capacity 50784K, committed 51072K, reserved 1093632K
  class space    used 6573K, capacity 6687K, committed 6784K, reserved 1048576K
GC Heap History (10 events):
Event: 11.464 GC heap before
{Heap before GC invocations=13 (full 1):
 PSYoungGen      total 162816K, used 162303K [0x00000000e0980000, 0x00000000ee980000, 0x0000000100000000)
  eden space 156672K, 100% used [0x00000000e0980000,0x00000000ea280000,0x00000000ea280000)
  from space 6144K, 91% used [0x00000000ea280000,0x00000000ea7ffd68,0x00000000ea880000)
  to   space 6656K, 0% used [0x00000000ee300000,0x00000000ee300000,0x00000000ee980000)
 ParOldGen       total 35840K, used 8839K [0x00000000a1c00000, 0x00000000a3f00000, 0x00000000e0980000)
  object space 35840K, 24% used [0x00000000a1c00000,0x00000000a24a1e80,0x00000000a3f00000)
 Metaspace       used 33962K, capacity 34498K, committed 34688K, reserved 1079296K
  class space    used 4271K, capacity 4394K, committed 4480K, reserved 1048576K
Event: 11.481 GC heap after
Heap after GC invocations=13 (full 1):
 PSYoungGen      total 220672K, used 6654K [0x00000000e0980000, 0x00000000ef800000, 0x0000000100000000)
  eden space 214016K, 0% used [0x00000000e0980000,0x00000000e0980000,0x00000000eda80000)
  from space 6656K, 99% used [0x00000000ee300000,0x00000000ee97f978,0x00000000ee980000)
  to   space 8704K, 0% used [0x00000000eda80000,0x00000000eda80000,0x00000000ee300000)
 ParOldGen       total 35840K, used 12051K [0x00000000a1c00000, 0x00000000a3f00000, 0x00000000e0980000)
  object space 35840K, 33% used [0x00000000a1c00000,0x00000000a27c4e00,0x00000000a3f00000)
 Metaspace       used 33962K, capacity 34498K, committed 34688K, reserved 1079296K
  class space    used 4271K, capacity 4394K, committed 4480K, reserved 1048576K
}
Event: 11.718 GC heap before
{Heap before GC invocations=14 (full 1):
 PSYoungGen      total 220672K, used 25117K [0x00000000e0980000, 0x00000000ef800000, 0x0000000100000000)
  eden space 214016K, 8% used [0x00000000e0980000,0x00000000e1b87c88,0x00000000eda80000)
  from space 6656K, 99% used [0x00000000ee300000,0x00000000ee97f978,0x00000000ee980000)
  to   space 8704K, 0% used [0x00000000eda80000,0x00000000eda80000,0x00000000ee300000)
 ParOldGen       total 35840K, used 12051K [0x00000000a1c00000, 0x00000000a3f00000, 0x00000000e0980000)
  object space 35840K, 33% used [0x00000000a1c00000,0x00000000a27c4e00,0x00000000a3f00000)
 Metaspace       used 34837K, capacity 35362K, committed 35496K, reserved 1081344K
  class space    used 4411K, capacity 4554K, committed 4608K, reserved 1048576K
Event: 11.726 GC heap after
Heap after GC invocations=14 (full 1):
 PSYoungGen      total 222720K, used 930K [0x00000000e0980000, 0x00000000f4900000, 0x0000000100000000)
  eden space 214016K, 0% used [0x00000000e0980000,0x00000000e0980000,0x00000000eda80000)
  from space 8704K, 10% used [0x00000000eda80000,0x00000000edb68888,0x00000000ee300000)
  to   space 8704K, 0% used [0x00000000f4080000,0x00000000f4080000,0x00000000f4900000)
 ParOldGen       total 35840K, used 14612K [0x00000000a1c00000, 0x00000000a3f00000, 0x00000000e0980000)
  object space 35840K, 40% used [0x00000000a1c00000,0x00000000a2a453b0,0x00000000a3f00000)
 Metaspace       used 34837K, capacity 35362K, committed 35496K, reserved 1081344K
  class space    used 4411K, capacity 4554K, committed 4608K, reserved 1048576K
}
Event: 11.726 GC heap before
{Heap before GC invocations=15 (full 2):
 PSYoungGen      total 222720K, used 930K [0x00000000e0980000, 0x00000000f4900000, 0x0000000100000000)
  eden space 214016K, 0% used [0x00000000e0980000,0x00000000e0980000,0x00000000eda80000)
  from space 8704K, 10% used [0x00000000eda80000,0x00000000edb68888,0x00000000ee300000)
  to   space 8704K, 0% used [0x00000000f4080000,0x00000000f4080000,0x00000000f4900000)
 ParOldGen       total 35840K, used 14612K [0x00000000a1c00000, 0x00000000a3f00000, 0x00000000e0980000)
  object space 35840K, 40% used [0x00000000a1c00000,0x00000000a2a453b0,0x00000000a3f00000)
 Metaspace       used 34837K, capacity 35362K, committed 35496K, reserved 1081344K
  class space    used 4411K, capacity 4554K, committed 4608K, reserved 1048576K
Event: 11.861 GC heap after
Heap after GC invocations=15 (full 2):
 PSYoungGen      total 222720K, used 0K [0x00000000e0980000, 0x00000000f4900000, 0x0000000100000000)
  eden space 214016K, 0% used [0x00000000e0980000,0x00000000e0980000,0x00000000eda80000)
  from space 8704K, 0% used [0x00000000eda80000,0x00000000eda80000,0x00000000ee300000)
  to   space 8704K, 0% used [0x00000000f4080000,0x00000000f4080000,0x00000000f4900000)
 ParOldGen       total 57344K, used 14271K [0x00000000a1c00000, 0x00000000a5400000, 0x00000000e0980000)
  object space 57344K, 24% used [0x00000000a1c00000,0x00000000a29efc30,0x00000000a5400000)
 Metaspace       used 34837K, capacity 35362K, committed 35496K, reserved 1081344K
  class space    used 4411K, capacity 4554K, committed 4608K, reserved 1048576K
}
Event: 14.775 GC heap before
{Heap before GC invocations=16 (full 2):
 PSYoungGen      total 222720K, used 214016K [0x00000000e0980000, 0x00000000f4900000, 0x0000000100000000)
  eden space 214016K, 100% used [0x00000000e0980000,0x00000000eda80000,0x00000000eda80000)
  from space 8704K, 0% used [0x00000000eda80000,0x00000000eda80000,0x00000000ee300000)
  to   space 8704K, 0% used [0x00000000f4080000,0x00000000f4080000,0x00000000f4900000)
 ParOldGen       total 57344K, used 14271K [0x00000000a1c00000, 0x00000000a5400000, 0x00000000e0980000)
  object space 57344K, 24% used [0x00000000a1c00000,0x00000000a29efc30,0x00000000a5400000)
 Metaspace       used 44236K, capacity 44780K, committed 45056K, reserved 1089536K
  class space    used 5746K, capacity 5873K, committed 5888K, reserved 1048576K
Event: 14.797 GC heap after
Heap after GC invocations=16 (full 2):
 PSYoungGen      total 297472K, used 8699K [0x00000000e0980000, 0x00000000f4900000, 0x0000000100000000)
  eden space 288768K, 0% used [0x00000000e0980000,0x00000000e0980000,0x00000000f2380000)
  from space 8704K, 99% used [0x00000000f4080000,0x00000000f48fecb0,0x00000000f4900000)
  to   space 10752K, 0% used [0x00000000f3400000,0x00000000f3400000,0x00000000f3e80000)
 ParOldGen       total 57344K, used 16676K [0x00000000a1c00000, 0x00000000a5400000, 0x00000000e0980000)
  object space 57344K, 29% used [0x00000000a1c00000,0x00000000a2c49100,0x00000000a5400000)
 Metaspace       used 44236K, capacity 44780K, committed 45056K, reserved 1089536K
  class space    used 5746K, capacity 5873K, committed 5888K, reserved 1048576K
}
Event: 17.909 GC heap before
{Heap before GC invocations=17 (full 2):
 PSYoungGen      total 297472K, used 297467K [0x00000000e0980000, 0x00000000f4900000, 0x0000000100000000)
  eden space 288768K, 100% used [0x00000000e0980000,0x00000000f2380000,0x00000000f2380000)
  from space 8704K, 99% used [0x00000000f4080000,0x00000000f48fecb0,0x00000000f4900000)
  to   space 10752K, 0% used [0x00000000f3400000,0x00000000f3400000,0x00000000f3e80000)
 ParOldGen       total 57344K, used 16676K [0x00000000a1c00000, 0x00000000a5400000, 0x00000000e0980000)
  object space 57344K, 29% used [0x00000000a1c00000,0x00000000a2c49100,0x00000000a5400000)
 Metaspace       used 48045K, capacity 48616K, committed 48896K, reserved 1091584K
  class space    used 6270K, capacity 6395K, committed 6400K, reserved 1048576K
Event: 17.940 GC heap after
Heap after GC invocations=17 (full 2):
 PSYoungGen      total 316416K, used 8818K [0x00000000e0980000, 0x00000000f9600000, 0x0000000100000000)
  eden space 305664K, 0% used [0x00000000e0980000,0x00000000e0980000,0x00000000f3400000)
  from space 10752K, 82% used [0x00000000f3400000,0x00000000f3c9caf0,0x00000000f3e80000)
  to   space 11776K, 0% used [0x00000000f8a80000,0x00000000f8a80000,0x00000000f9600000)
 ParOldGen       total 57344K, used 20252K [0x00000000a1c00000, 0x00000000a5400000, 0x00000000e0980000)
  object space 57344K, 35% used [0x00000000a1c00000,0x00000000a2fc7130,0x00000000a5400000)
 Metaspace       used 48045K, capacity 48616K, committed 48896K, reserved 1091584K
  class space    used 6270K, capacity 6395K, committed 6400K, reserved 1048576K
}

